<?xml version="1.0" encoding="UTF-8"?>
<!-- Generated by org.testng.reporters.JUnitReportReporter -->
<testsuite hostname="Selinas-MacBook-Pro.local" failures="0" tests="2" name="tests.BaseTest" time="46.250" errors="0" timestamp="2022-11-24T00:02:49 WIB" skipped="0">
  <testcase classname="tests.BaseTest" name="addToCart" time="21.563"/>
  <system-out/>
  <testcase classname="tests.BaseTest" name="openShrineGallery" time="24.687"/>
  <system-out/>
</testsuite> <!-- tests.BaseTest -->
