<?xml version="1.0" encoding="UTF-8"?>
<!-- Generated by org.testng.reporters.JUnitReportReporter -->
<testsuite hostname="Selinas-MacBook-Pro.local" failures="0" tests="5" name="tests.Home" time="32.488" errors="0" timestamp="2022-11-24T16:44:33 WIB" skipped="0">
  <testcase classname="tests.Home" name="test3" time="6.081"/>
  <system-out/>
  <testcase classname="tests.Home" name="test1" time="3.506"/>
  <system-out/>
  <testcase classname="tests.Home" name="test4" time="0.082"/>
  <system-out/>
  <testcase classname="tests.Home" name="test2" time="20.097"/>
  <system-out/>
  <testcase classname="tests.Home" name="test5" time="2.722"/>
  <system-out/>
</testsuite> <!-- tests.Home -->
